2025-06-09 23:57:46.879122 - User: Anonymous - Path: /api/token/
2025-06-09 23:57:46.879122 - User: Anonymous - Path: /api/token/
2025-06-09 23:57:50.240923 - User: momo - Path: /api/conversations/
2025-06-09 23:57:50.240923 - User: momo - Path: /api/conversations/
2025-06-10 00:01:16.931637 - User: Anonymous - Path: /api/conversations/
2025-06-10 00:01:16.931637 - User: Anonymous - Path: /api/conversations/
2025-06-10 00:08:23.020811 - User: Anonymous - Path: /api/conversations/1b3df5d0-f40b-4d01-ad29-2e2fc04ac900/messages/
2025-06-10 00:08:23.020811 - User: Anonymous - Path: /api/conversations/1b3df5d0-f40b-4d01-ad29-2e2fc04ac900/messages/
2025-06-10 00:08:42.894629 - User: Anonymous - Path: /api/conversations/1b3df5d0-f40b-4d01-ad29-2e2fc04ac900/
2025-06-10 00:08:42.894629 - User: Anonymous - Path: /api/conversations/1b3df5d0-f40b-4d01-ad29-2e2fc04ac900/
2025-06-10 00:09:06.676905 - User: Anonymous - Path: /api/conversations/1b3df5d0-f40b-4d01-ad29-2e2fc04ac900/
2025-06-10 00:09:06.676905 - User: Anonymous - Path: /api/conversations/1b3df5d0-f40b-4d01-ad29-2e2fc04ac900/
2025-06-10 00:09:41.981167 - User: Anonymous - Path: /api/conversations/
2025-06-10 00:09:41.981167 - User: Anonymous - Path: /api/conversations/
2025-06-10 00:12:46.847763 - User: Anonymous - Path: /api/conversations/
2025-06-10 00:12:46.847763 - User: Anonymous - Path: /api/conversations/
2025-06-10 00:12:51.721744 - User: Anonymous - Path: /api/conversations/1b3df5d0-f40b-4d01-ad29-2e2fc04ac900/
2025-06-10 00:12:51.721744 - User: Anonymous - Path: /api/conversations/1b3df5d0-f40b-4d01-ad29-2e2fc04ac900/
2025-06-10 00:13:06.249484 - User: momo - Path: /api/conversations/1b3df5d0-f40b-4d01-ad29-2e2fc04ac900/
2025-06-10 00:13:06.249484 - User: momo - Path: /api/conversations/1b3df5d0-f40b-4d01-ad29-2e2fc04ac900/
2025-06-10 00:13:12.909634 - User: momo - Path: /api/conversations/
2025-06-10 00:13:12.909634 - User: momo - Path: /api/conversations/
2025-06-10 00:13:32.618614 - User: Anonymous - Path: /api/conversations/1b3df5d0-f40b-4d01-ad29-2e2fc04ac900/messages/
2025-06-10 00:13:32.618614 - User: Anonymous - Path: /api/conversations/1b3df5d0-f40b-4d01-ad29-2e2fc04ac900/messages/
2025-06-10 00:17:46.923173 - User: momo - Path: /api/conversations/1b3df5d0-f40b-4d01-ad29-2e2fc04ac900/
2025-06-10 00:17:51.364632 - User: momo - Path: /api/conversations/1b3df5d0-f40b-4d01-ad29-2e2fc04ac900/messages/
2025-06-10 00:17:58.171961 - User: momo - Path: /api/conversations/1b3df5d0-f40b-4d01-ad29-2e2fc04ac900/messages/
2025-06-10 00:18:02.237100 - User: momo - Path: /api/conversations/1b3df5d0-f40b-4d01-ad29-2e2fc04ac900/messages/
2025-06-10 00:18:05.474371 - User: momo - Path: /api/conversations/1b3df5d0-f40b-4d01-ad29-2e2fc04ac900/messages/
2025-06-10 00:18:08.732657 - User: momo - Path: /api/conversations/1b3df5d0-f40b-4d01-ad29-2e2fc04ac900/messages/
2025-06-10 00:18:15.273467 - User: Anonymous - Path: /api/conversations/1b3df5d0-f40b-4d01-ad29-2e2fc04ac900/messages/
2025-06-10 00:21:03.409719 - User: momo - Path: /api/conversations/1b3df5d0-f40b-4d01-ad29-2e2fc04ac900/messages/
2025-06-10 00:21:09.096543 - User: momo - Path: /api/conversations/1b3df5d0-f40b-4d01-ad29-2e2fc04ac900/
2025-06-10 00:21:10.832971 - User: momo - Path: /api/conversations/1b3df5d0-f40b-4d01-ad29-2e2fc04ac900/
2025-06-10 00:21:11.999228 - User: momo - Path: /api/conversations/1b3df5d0-f40b-4d01-ad29-2e2fc04ac900/
